C:\USERS\JOE\DOCUMENTS\VISUAL STUDIO 2012\PROJECTS\CONSOLEAPPLICATION7\CONSOLEAPPLICATION7\DEBUG\SOURCE.OBJ
C:\USERS\JOE\DOCUMENTS\VISUAL STUDIO 2012\PROJECTS\CONSOLEAPPLICATION7\CONSOLEAPPLICATION7\DEBUG\VC110.PDB
C:\USERS\JOE\DOCUMENTS\VISUAL STUDIO 2012\PROJECTS\CONSOLEAPPLICATION7\DEBUG\CONSOLEAPPLICATION7.ILK
C:\USERS\JOE\DOCUMENTS\VISUAL STUDIO 2012\PROJECTS\CONSOLEAPPLICATION7\DEBUG\CONSOLEAPPLICATION7.EXE
C:\USERS\JOE\DOCUMENTS\VISUAL STUDIO 2012\PROJECTS\CONSOLEAPPLICATION7\DEBUG\CONSOLEAPPLICATION7.PDB
C:\Users\Joe\documents\visual studio 2012\Projects\ConsoleApplication7\ConsoleApplication7\Debug\Source.obj
C:\Users\Joe\documents\visual studio 2012\Projects\ConsoleApplication7\ConsoleApplication7\Debug\cl.command.1.tlog
C:\Users\Joe\documents\visual studio 2012\Projects\ConsoleApplication7\ConsoleApplication7\Debug\CL.read.1.tlog
C:\Users\Joe\documents\visual studio 2012\Projects\ConsoleApplication7\ConsoleApplication7\Debug\CL.write.1.tlog
C:\Users\Joe\documents\visual studio 2012\Projects\ConsoleApplication7\ConsoleApplication7\Debug\link-cvtres.read.1.tlog
C:\Users\Joe\documents\visual studio 2012\Projects\ConsoleApplication7\ConsoleApplication7\Debug\link-cvtres.write.1.tlog
C:\Users\Joe\documents\visual studio 2012\Projects\ConsoleApplication7\ConsoleApplication7\Debug\link-rc.read.1.tlog
C:\Users\Joe\documents\visual studio 2012\Projects\ConsoleApplication7\ConsoleApplication7\Debug\link-rc.write.1.tlog
C:\Users\Joe\documents\visual studio 2012\Projects\ConsoleApplication7\ConsoleApplication7\Debug\link.command.1.tlog
C:\Users\Joe\documents\visual studio 2012\Projects\ConsoleApplication7\ConsoleApplication7\Debug\link.read.1.tlog
C:\Users\Joe\documents\visual studio 2012\Projects\ConsoleApplication7\ConsoleApplication7\Debug\link.write.1.tlog
C:\Users\Joe\documents\visual studio 2012\Projects\ConsoleApplication7\ConsoleApplication7\Debug\vc110.idb
C:\Users\Joe\documents\visual studio 2012\Projects\ConsoleApplication7\ConsoleApplication7\Debug\vc110.pdb
C:\Users\Joe\documents\visual studio 2012\Projects\ConsoleApplication7\Debug\ConsoleApplication7.pdb
C:\Users\Joe\documents\visual studio 2012\Projects\ConsoleApplication7\Debug\ConsoleApplication7.exe
C:\Users\Joe\documents\visual studio 2012\Projects\ConsoleApplication7\Debug\ConsoleApplication7.ilk
